<?xml version="1.0" encoding="UTF-8"?>
<!-- Generated by org.testng.reporters.JUnitXMLReporter -->
<testsuite hostname="ADMIN" ignored="1" name="Default test" tests="2" failures="0" timestamp="17 Sep 2020 20:51:44 GMT" time="23.967" errors="0">
  <testcase name="signUpLinkTest" time="0.054" classname="testNGConcept.RealtimeCode"/>
  <testcase name="loginTest" time="2.547" classname="testNGConcept.RealtimeCode"/>
  <testcase name="checkApplicationTitle" time="0.0" classname="testNGConcept.RealtimeCode">
    <ignored/>
  </testcase> <!-- checkApplicationTitle -->
</testsuite> <!-- Default test -->
