<?xml version="1.0" encoding="UTF-8"?>
<testng-results skipped="0" failed="0" ignored="1" total="3" passed="2">
  <reporter-output>
  </reporter-output>
  <suite name="Default suite" duration-ms="23967" started-at="2020-09-17T20:51:20Z" finished-at="2020-09-17T20:51:44Z">
    <groups>
    </groups>
    <test name="Default test" duration-ms="23967" started-at="2020-09-17T20:51:20Z" finished-at="2020-09-17T20:51:44Z">
      <class name="testNGConcept.RealtimeCode">
        <test-method status="PASS" signature="setUp()[pri:0, instance:testNGConcept.RealtimeCode@e25b2fe]" name="setUp" is-config="true" duration-ms="9255" started-at="2020-09-17T20:51:20Z" finished-at="2020-09-17T20:51:29Z">
          <reporter-output>
          </reporter-output>
        </test-method> <!-- setUp -->
        <test-method status="PASS" signature="signUpLinkTest()[pri:1, instance:testNGConcept.RealtimeCode@e25b2fe]" name="signUpLinkTest" duration-ms="54" started-at="2020-09-17T20:51:29Z" finished-at="2020-09-17T20:51:29Z">
          <reporter-output>
          </reporter-output>
        </test-method> <!-- signUpLinkTest -->
        <test-method status="PASS" signature="tearDown()[pri:0, instance:testNGConcept.RealtimeCode@e25b2fe]" name="tearDown" is-config="true" duration-ms="651" started-at="2020-09-17T20:51:29Z" finished-at="2020-09-17T20:51:30Z">
          <reporter-output>
          </reporter-output>
        </test-method> <!-- tearDown -->
        <test-method status="PASS" signature="setUp()[pri:0, instance:testNGConcept.RealtimeCode@e25b2fe]" name="setUp" is-config="true" duration-ms="9717" started-at="2020-09-17T20:51:30Z" finished-at="2020-09-17T20:51:39Z">
          <reporter-output>
          </reporter-output>
        </test-method> <!-- setUp -->
        <test-method status="PASS" signature="loginTest()[pri:3, instance:testNGConcept.RealtimeCode@e25b2fe]" name="loginTest" duration-ms="2547" started-at="2020-09-17T20:51:39Z" finished-at="2020-09-17T20:51:42Z">
          <reporter-output>
          </reporter-output>
        </test-method> <!-- loginTest -->
        <test-method status="PASS" signature="tearDown()[pri:0, instance:testNGConcept.RealtimeCode@e25b2fe]" name="tearDown" is-config="true" duration-ms="1720" started-at="2020-09-17T20:51:42Z" finished-at="2020-09-17T20:51:44Z">
          <reporter-output>
          </reporter-output>
        </test-method> <!-- tearDown -->
      </class> <!-- testNGConcept.RealtimeCode -->
    </test> <!-- Default test -->
  </suite> <!-- Default suite -->
</testng-results>
